c:\users\nico\desktop\engine\engine\engine\build\objwin32debug\vc142.pdb
c:\users\nico\desktop\engine\engine\engine\build\objwin32debug\vc142.idb
c:\users\nico\desktop\engine\engine\engine\build\objwin32debug\window.obj
c:\users\nico\desktop\engine\engine\engine\build\objwin32debug\glm.obj
c:\users\nico\desktop\engine\engine\engine\build\objwin32debug\shape.obj
c:\users\nico\desktop\engine\engine\engine\build\objwin32debug\render.obj
c:\users\nico\desktop\engine\engine\engine\build\objwin32debug\material.obj
c:\users\nico\desktop\engine\engine\engine\build\objwin32debug\entity2d.obj
c:\users\nico\desktop\engine\engine\engine\build\objwin32debug\entity.obj
c:\users\nico\desktop\engine\engine\engine\build\objwin32debug\basegame.obj
c:\users\nico\desktop\engine\engine\engine\build\binwin32debug\engine.lib
c:\users\nico\desktop\engine\engine\engine\build\binwin32debug\engine.exp
c:\users\nico\desktop\engine\engine\engine\build\objwin32debug\engine.ilk
c:\users\nico\desktop\engine\engine\engine\build\binwin32debug\engine.dll
c:\users\nico\desktop\engine\engine\engine\build\binwin32debug\engine.pdb
c:\users\nico\desktop\engine\engine\engine\build\objwin32debug\engine.tlog\cl.command.1.tlog
c:\users\nico\desktop\engine\engine\engine\build\objwin32debug\engine.tlog\cl.read.1.tlog
c:\users\nico\desktop\engine\engine\engine\build\objwin32debug\engine.tlog\cl.write.1.tlog
c:\users\nico\desktop\engine\engine\engine\build\objwin32debug\engine.tlog\engine.write.1u.tlog
c:\users\nico\desktop\engine\engine\engine\build\objwin32debug\engine.tlog\link.command.1.tlog
c:\users\nico\desktop\engine\engine\engine\build\objwin32debug\engine.tlog\link.read.1.tlog
c:\users\nico\desktop\engine\engine\engine\build\objwin32debug\engine.tlog\link.write.1.tlog
