  BaseGame.cpp
C:\Users\Aula 2\Desktop\Engine\Engine\Engine\src\Export.h(4,1): warning C4005: 'DllApi': redefinición de macro
C:\Users\Aula 2\Desktop\Engine\Engine\Engine\src\Export.h(4,1): message : 'DllApi' declarado previamente en la línea de comandos
C:\Users\Aula 2\Desktop\Engine\Engine\Engine\src\Renderer\Render.h(18,12): warning C4251: 'Render::view': struct 'glm::mat<4,4,glm::f32,glm::packed_highp>' necesita tener una interfaz DLL para que la utilicen los clientes de class 'Render'
C:\Users\Aula 2\Desktop\Engine\Engine\Engine\vendor\glm\fwd.hpp(520,10): message : vea la declaración de 'glm::mat<4,4,glm::f32,glm::packed_highp>'
C:\Users\Aula 2\Desktop\Engine\Engine\Engine\src\Renderer\Render.h(19,12): warning C4251: 'Render::projection': struct 'glm::mat<4,4,glm::f32,glm::packed_highp>' necesita tener una interfaz DLL para que la utilicen los clientes de class 'Render'
C:\Users\Aula 2\Desktop\Engine\Engine\Engine\vendor\glm\fwd.hpp(520,10): message : vea la declaración de 'glm::mat<4,4,glm::f32,glm::packed_highp>'
C:\Users\Aula 2\Desktop\Engine\Engine\Engine\src\Entity\Entity.h(17,12): warning C4251: 'Entity::model': struct 'glm::mat<4,4,glm::f32,glm::packed_highp>' necesita tener una interfaz DLL para que la utilicen los clientes de class 'Entity'
C:\Users\Aula 2\Desktop\Engine\Engine\Engine\vendor\glm\fwd.hpp(520,10): message : vea la declaración de 'glm::mat<4,4,glm::f32,glm::packed_highp>'
C:\Users\Aula 2\Desktop\Engine\Engine\Engine\src\Entity\Entity.h(19,12): warning C4251: 'Entity::translateMatrix': struct 'glm::mat<4,4,glm::f32,glm::packed_highp>' necesita tener una interfaz DLL para que la utilicen los clientes de class 'Entity'
C:\Users\Aula 2\Desktop\Engine\Engine\Engine\vendor\glm\fwd.hpp(520,10): message : vea la declaración de 'glm::mat<4,4,glm::f32,glm::packed_highp>'
C:\Users\Aula 2\Desktop\Engine\Engine\Engine\src\Entity\Entity.h(20,12): warning C4251: 'Entity::rotateMatrix': struct 'glm::mat<4,4,glm::f32,glm::packed_highp>' necesita tener una interfaz DLL para que la utilicen los clientes de class 'Entity'
C:\Users\Aula 2\Desktop\Engine\Engine\Engine\vendor\glm\fwd.hpp(520,10): message : vea la declaración de 'glm::mat<4,4,glm::f32,glm::packed_highp>'
C:\Users\Aula 2\Desktop\Engine\Engine\Engine\src\Entity\Entity.h(21,12): warning C4251: 'Entity::scaleMatrix': struct 'glm::mat<4,4,glm::f32,glm::packed_highp>' necesita tener una interfaz DLL para que la utilicen los clientes de class 'Entity'
C:\Users\Aula 2\Desktop\Engine\Engine\Engine\vendor\glm\fwd.hpp(520,10): message : vea la declaración de 'glm::mat<4,4,glm::f32,glm::packed_highp>'
C:\Users\Aula 2\Desktop\Engine\Engine\Engine\src\Entity\Entity.h(23,12): warning C4251: 'Entity::translateVector': struct 'glm::vec<3,float,glm::packed_highp>' necesita tener una interfaz DLL para que la utilicen los clientes de class 'Entity'
C:\Users\Aula 2\Desktop\Engine\Engine\Engine\vendor\glm\fwd.hpp(420,10): message : vea la declaración de 'glm::vec<3,float,glm::packed_highp>'
C:\Users\Aula 2\Desktop\Engine\Engine\Engine\src\Entity\Entity.h(24,12): warning C4251: 'Entity::rotateVector': struct 'glm::vec<3,float,glm::packed_highp>' necesita tener una interfaz DLL para que la utilicen los clientes de class 'Entity'
C:\Users\Aula 2\Desktop\Engine\Engine\Engine\vendor\glm\fwd.hpp(420,10): message : vea la declaración de 'glm::vec<3,float,glm::packed_highp>'
C:\Users\Aula 2\Desktop\Engine\Engine\Engine\src\Entity\Entity.h(25,12): warning C4251: 'Entity::scaleVector': struct 'glm::vec<3,float,glm::packed_highp>' necesita tener una interfaz DLL para que la utilicen los clientes de class 'Entity'
C:\Users\Aula 2\Desktop\Engine\Engine\Engine\vendor\glm\fwd.hpp(420,10): message : vea la declaración de 'glm::vec<3,float,glm::packed_highp>'
C:\Users\Aula 2\Desktop\Engine\Engine\Engine\src\Shape\Shape.h(19,12): warning C4251: 'Shape::colorVector': struct 'glm::vec<3,float,glm::packed_highp>' necesita tener una interfaz DLL para que la utilicen los clientes de class 'Shape'
C:\Users\Aula 2\Desktop\Engine\Engine\Engine\vendor\glm\fwd.hpp(420,10): message : vea la declaración de 'glm::vec<3,float,glm::packed_highp>'
  Entity.cpp
C:\Users\Aula 2\Desktop\Engine\Engine\Engine\src\Export.h(4,1): warning C4005: 'DllApi': redefinición de macro
C:\Users\Aula 2\Desktop\Engine\Engine\Engine\src\Export.h(4,1): message : 'DllApi' declarado previamente en la línea de comandos
C:\Users\Aula 2\Desktop\Engine\Engine\Engine\src\Renderer\Render.h(18,12): warning C4251: 'Render::view': struct 'glm::mat<4,4,glm::f32,glm::packed_highp>' necesita tener una interfaz DLL para que la utilicen los clientes de class 'Render'
C:\Users\Aula 2\Desktop\Engine\Engine\Engine\vendor\glm\fwd.hpp(520,10): message : vea la declaración de 'glm::mat<4,4,glm::f32,glm::packed_highp>'
C:\Users\Aula 2\Desktop\Engine\Engine\Engine\src\Renderer\Render.h(19,12): warning C4251: 'Render::projection': struct 'glm::mat<4,4,glm::f32,glm::packed_highp>' necesita tener una interfaz DLL para que la utilicen los clientes de class 'Render'
C:\Users\Aula 2\Desktop\Engine\Engine\Engine\vendor\glm\fwd.hpp(520,10): message : vea la declaración de 'glm::mat<4,4,glm::f32,glm::packed_highp>'
C:\Users\Aula 2\Desktop\Engine\Engine\Engine\src\Entity\Entity.h(17,12): warning C4251: 'Entity::model': struct 'glm::mat<4,4,glm::f32,glm::packed_highp>' necesita tener una interfaz DLL para que la utilicen los clientes de class 'Entity'
C:\Users\Aula 2\Desktop\Engine\Engine\Engine\vendor\glm\fwd.hpp(520,10): message : vea la declaración de 'glm::mat<4,4,glm::f32,glm::packed_highp>'
C:\Users\Aula 2\Desktop\Engine\Engine\Engine\src\Entity\Entity.h(19,12): warning C4251: 'Entity::translateMatrix': struct 'glm::mat<4,4,glm::f32,glm::packed_highp>' necesita tener una interfaz DLL para que la utilicen los clientes de class 'Entity'
C:\Users\Aula 2\Desktop\Engine\Engine\Engine\vendor\glm\fwd.hpp(520,10): message : vea la declaración de 'glm::mat<4,4,glm::f32,glm::packed_highp>'
C:\Users\Aula 2\Desktop\Engine\Engine\Engine\src\Entity\Entity.h(20,12): warning C4251: 'Entity::rotateMatrix': struct 'glm::mat<4,4,glm::f32,glm::packed_highp>' necesita tener una interfaz DLL para que la utilicen los clientes de class 'Entity'
C:\Users\Aula 2\Desktop\Engine\Engine\Engine\vendor\glm\fwd.hpp(520,10): message : vea la declaración de 'glm::mat<4,4,glm::f32,glm::packed_highp>'
C:\Users\Aula 2\Desktop\Engine\Engine\Engine\src\Entity\Entity.h(21,12): warning C4251: 'Entity::scaleMatrix': struct 'glm::mat<4,4,glm::f32,glm::packed_highp>' necesita tener una interfaz DLL para que la utilicen los clientes de class 'Entity'
C:\Users\Aula 2\Desktop\Engine\Engine\Engine\vendor\glm\fwd.hpp(520,10): message : vea la declaración de 'glm::mat<4,4,glm::f32,glm::packed_highp>'
C:\Users\Aula 2\Desktop\Engine\Engine\Engine\src\Entity\Entity.h(23,12): warning C4251: 'Entity::translateVector': struct 'glm::vec<3,float,glm::packed_highp>' necesita tener una interfaz DLL para que la utilicen los clientes de class 'Entity'
C:\Users\Aula 2\Desktop\Engine\Engine\Engine\vendor\glm\fwd.hpp(420,10): message : vea la declaración de 'glm::vec<3,float,glm::packed_highp>'
C:\Users\Aula 2\Desktop\Engine\Engine\Engine\src\Entity\Entity.h(24,12): warning C4251: 'Entity::rotateVector': struct 'glm::vec<3,float,glm::packed_highp>' necesita tener una interfaz DLL para que la utilicen los clientes de class 'Entity'
C:\Users\Aula 2\Desktop\Engine\Engine\Engine\vendor\glm\fwd.hpp(420,10): message : vea la declaración de 'glm::vec<3,float,glm::packed_highp>'
C:\Users\Aula 2\Desktop\Engine\Engine\Engine\src\Entity\Entity.h(25,12): warning C4251: 'Entity::scaleVector': struct 'glm::vec<3,float,glm::packed_highp>' necesita tener una interfaz DLL para que la utilicen los clientes de class 'Entity'
C:\Users\Aula 2\Desktop\Engine\Engine\Engine\vendor\glm\fwd.hpp(420,10): message : vea la declaración de 'glm::vec<3,float,glm::packed_highp>'
  Entity2D.cpp
C:\Users\Aula 2\Desktop\Engine\Engine\Engine\src\Export.h(4,1): warning C4005: 'DllApi': redefinición de macro
C:\Users\Aula 2\Desktop\Engine\Engine\Engine\src\Export.h(4,1): message : 'DllApi' declarado previamente en la línea de comandos
C:\Users\Aula 2\Desktop\Engine\Engine\Engine\src\Renderer\Render.h(18,12): warning C4251: 'Render::view': struct 'glm::mat<4,4,glm::f32,glm::packed_highp>' necesita tener una interfaz DLL para que la utilicen los clientes de class 'Render'
C:\Users\Aula 2\Desktop\Engine\Engine\Engine\vendor\glm\fwd.hpp(520,10): message : vea la declaración de 'glm::mat<4,4,glm::f32,glm::packed_highp>'
C:\Users\Aula 2\Desktop\Engine\Engine\Engine\src\Renderer\Render.h(19,12): warning C4251: 'Render::projection': struct 'glm::mat<4,4,glm::f32,glm::packed_highp>' necesita tener una interfaz DLL para que la utilicen los clientes de class 'Render'
C:\Users\Aula 2\Desktop\Engine\Engine\Engine\vendor\glm\fwd.hpp(520,10): message : vea la declaración de 'glm::mat<4,4,glm::f32,glm::packed_highp>'
C:\Users\Aula 2\Desktop\Engine\Engine\Engine\src\Entity\Entity.h(17,12): warning C4251: 'Entity::model': struct 'glm::mat<4,4,glm::f32,glm::packed_highp>' necesita tener una interfaz DLL para que la utilicen los clientes de class 'Entity'
C:\Users\Aula 2\Desktop\Engine\Engine\Engine\vendor\glm\fwd.hpp(520,10): message : vea la declaración de 'glm::mat<4,4,glm::f32,glm::packed_highp>'
C:\Users\Aula 2\Desktop\Engine\Engine\Engine\src\Entity\Entity.h(19,12): warning C4251: 'Entity::translateMatrix': struct 'glm::mat<4,4,glm::f32,glm::packed_highp>' necesita tener una interfaz DLL para que la utilicen los clientes de class 'Entity'
C:\Users\Aula 2\Desktop\Engine\Engine\Engine\vendor\glm\fwd.hpp(520,10): message : vea la declaración de 'glm::mat<4,4,glm::f32,glm::packed_highp>'
C:\Users\Aula 2\Desktop\Engine\Engine\Engine\src\Entity\Entity.h(20,12): warning C4251: 'Entity::rotateMatrix': struct 'glm::mat<4,4,glm::f32,glm::packed_highp>' necesita tener una interfaz DLL para que la utilicen los clientes de class 'Entity'
C:\Users\Aula 2\Desktop\Engine\Engine\Engine\vendor\glm\fwd.hpp(520,10): message : vea la declaración de 'glm::mat<4,4,glm::f32,glm::packed_highp>'
C:\Users\Aula 2\Desktop\Engine\Engine\Engine\src\Entity\Entity.h(21,12): warning C4251: 'Entity::scaleMatrix': struct 'glm::mat<4,4,glm::f32,glm::packed_highp>' necesita tener una interfaz DLL para que la utilicen los clientes de class 'Entity'
C:\Users\Aula 2\Desktop\Engine\Engine\Engine\vendor\glm\fwd.hpp(520,10): message : vea la declaración de 'glm::mat<4,4,glm::f32,glm::packed_highp>'
C:\Users\Aula 2\Desktop\Engine\Engine\Engine\src\Entity\Entity.h(23,12): warning C4251: 'Entity::translateVector': struct 'glm::vec<3,float,glm::packed_highp>' necesita tener una interfaz DLL para que la utilicen los clientes de class 'Entity'
C:\Users\Aula 2\Desktop\Engine\Engine\Engine\vendor\glm\fwd.hpp(420,10): message : vea la declaración de 'glm::vec<3,float,glm::packed_highp>'
C:\Users\Aula 2\Desktop\Engine\Engine\Engine\src\Entity\Entity.h(24,12): warning C4251: 'Entity::rotateVector': struct 'glm::vec<3,float,glm::packed_highp>' necesita tener una interfaz DLL para que la utilicen los clientes de class 'Entity'
C:\Users\Aula 2\Desktop\Engine\Engine\Engine\vendor\glm\fwd.hpp(420,10): message : vea la declaración de 'glm::vec<3,float,glm::packed_highp>'
C:\Users\Aula 2\Desktop\Engine\Engine\Engine\src\Entity\Entity.h(25,12): warning C4251: 'Entity::scaleVector': struct 'glm::vec<3,float,glm::packed_highp>' necesita tener una interfaz DLL para que la utilicen los clientes de class 'Entity'
C:\Users\Aula 2\Desktop\Engine\Engine\Engine\vendor\glm\fwd.hpp(420,10): message : vea la declaración de 'glm::vec<3,float,glm::packed_highp>'
  Material.cpp
C:\Users\Aula 2\Desktop\Engine\Engine\Engine\src\Export.h(4,1): warning C4005: 'DllApi': redefinición de macro
C:\Users\Aula 2\Desktop\Engine\Engine\Engine\src\Export.h(4,1): message : 'DllApi' declarado previamente en la línea de comandos
  Render.cpp
C:\Users\Aula 2\Desktop\Engine\Engine\Engine\src\Export.h(4,1): warning C4005: 'DllApi': redefinición de macro
C:\Users\Aula 2\Desktop\Engine\Engine\Engine\src\Export.h(4,1): message : 'DllApi' declarado previamente en la línea de comandos
C:\Users\Aula 2\Desktop\Engine\Engine\Engine\src\Renderer\Render.h(18,12): warning C4251: 'Render::view': struct 'glm::mat<4,4,glm::f32,glm::packed_highp>' necesita tener una interfaz DLL para que la utilicen los clientes de class 'Render'
C:\Users\Aula 2\Desktop\Engine\Engine\Engine\vendor\glm\fwd.hpp(520,10): message : vea la declaración de 'glm::mat<4,4,glm::f32,glm::packed_highp>'
C:\Users\Aula 2\Desktop\Engine\Engine\Engine\src\Renderer\Render.h(19,12): warning C4251: 'Render::projection': struct 'glm::mat<4,4,glm::f32,glm::packed_highp>' necesita tener una interfaz DLL para que la utilicen los clientes de class 'Render'
C:\Users\Aula 2\Desktop\Engine\Engine\Engine\vendor\glm\fwd.hpp(520,10): message : vea la declaración de 'glm::mat<4,4,glm::f32,glm::packed_highp>'
  Shape.cpp
C:\Users\Aula 2\Desktop\Engine\Engine\Engine\src\Export.h(4,1): warning C4005: 'DllApi': redefinición de macro
C:\Users\Aula 2\Desktop\Engine\Engine\Engine\src\Export.h(4,1): message : 'DllApi' declarado previamente en la línea de comandos
C:\Users\Aula 2\Desktop\Engine\Engine\Engine\src\Renderer\Render.h(18,12): warning C4251: 'Render::view': struct 'glm::mat<4,4,glm::f32,glm::packed_highp>' necesita tener una interfaz DLL para que la utilicen los clientes de class 'Render'
C:\Users\Aula 2\Desktop\Engine\Engine\Engine\vendor\glm\fwd.hpp(520,10): message : vea la declaración de 'glm::mat<4,4,glm::f32,glm::packed_highp>'
C:\Users\Aula 2\Desktop\Engine\Engine\Engine\src\Renderer\Render.h(19,12): warning C4251: 'Render::projection': struct 'glm::mat<4,4,glm::f32,glm::packed_highp>' necesita tener una interfaz DLL para que la utilicen los clientes de class 'Render'
C:\Users\Aula 2\Desktop\Engine\Engine\Engine\vendor\glm\fwd.hpp(520,10): message : vea la declaración de 'glm::mat<4,4,glm::f32,glm::packed_highp>'
C:\Users\Aula 2\Desktop\Engine\Engine\Engine\src\Entity\Entity.h(17,12): warning C4251: 'Entity::model': struct 'glm::mat<4,4,glm::f32,glm::packed_highp>' necesita tener una interfaz DLL para que la utilicen los clientes de class 'Entity'
C:\Users\Aula 2\Desktop\Engine\Engine\Engine\vendor\glm\fwd.hpp(520,10): message : vea la declaración de 'glm::mat<4,4,glm::f32,glm::packed_highp>'
C:\Users\Aula 2\Desktop\Engine\Engine\Engine\src\Entity\Entity.h(19,12): warning C4251: 'Entity::translateMatrix': struct 'glm::mat<4,4,glm::f32,glm::packed_highp>' necesita tener una interfaz DLL para que la utilicen los clientes de class 'Entity'
C:\Users\Aula 2\Desktop\Engine\Engine\Engine\vendor\glm\fwd.hpp(520,10): message : vea la declaración de 'glm::mat<4,4,glm::f32,glm::packed_highp>'
C:\Users\Aula 2\Desktop\Engine\Engine\Engine\src\Entity\Entity.h(20,12): warning C4251: 'Entity::rotateMatrix': struct 'glm::mat<4,4,glm::f32,glm::packed_highp>' necesita tener una interfaz DLL para que la utilicen los clientes de class 'Entity'
C:\Users\Aula 2\Desktop\Engine\Engine\Engine\vendor\glm\fwd.hpp(520,10): message : vea la declaración de 'glm::mat<4,4,glm::f32,glm::packed_highp>'
C:\Users\Aula 2\Desktop\Engine\Engine\Engine\src\Entity\Entity.h(21,12): warning C4251: 'Entity::scaleMatrix': struct 'glm::mat<4,4,glm::f32,glm::packed_highp>' necesita tener una interfaz DLL para que la utilicen los clientes de class 'Entity'
C:\Users\Aula 2\Desktop\Engine\Engine\Engine\vendor\glm\fwd.hpp(520,10): message : vea la declaración de 'glm::mat<4,4,glm::f32,glm::packed_highp>'
C:\Users\Aula 2\Desktop\Engine\Engine\Engine\src\Entity\Entity.h(23,12): warning C4251: 'Entity::translateVector': struct 'glm::vec<3,float,glm::packed_highp>' necesita tener una interfaz DLL para que la utilicen los clientes de class 'Entity'
C:\Users\Aula 2\Desktop\Engine\Engine\Engine\vendor\glm\fwd.hpp(420,10): message : vea la declaración de 'glm::vec<3,float,glm::packed_highp>'
C:\Users\Aula 2\Desktop\Engine\Engine\Engine\src\Entity\Entity.h(24,12): warning C4251: 'Entity::rotateVector': struct 'glm::vec<3,float,glm::packed_highp>' necesita tener una interfaz DLL para que la utilicen los clientes de class 'Entity'
C:\Users\Aula 2\Desktop\Engine\Engine\Engine\vendor\glm\fwd.hpp(420,10): message : vea la declaración de 'glm::vec<3,float,glm::packed_highp>'
C:\Users\Aula 2\Desktop\Engine\Engine\Engine\src\Entity\Entity.h(25,12): warning C4251: 'Entity::scaleVector': struct 'glm::vec<3,float,glm::packed_highp>' necesita tener una interfaz DLL para que la utilicen los clientes de class 'Entity'
C:\Users\Aula 2\Desktop\Engine\Engine\Engine\vendor\glm\fwd.hpp(420,10): message : vea la declaración de 'glm::vec<3,float,glm::packed_highp>'
C:\Users\Aula 2\Desktop\Engine\Engine\Engine\src\Shape\Shape.h(19,12): warning C4251: 'Shape::colorVector': struct 'glm::vec<3,float,glm::packed_highp>' necesita tener una interfaz DLL para que la utilicen los clientes de class 'Shape'
C:\Users\Aula 2\Desktop\Engine\Engine\Engine\vendor\glm\fwd.hpp(420,10): message : vea la declaración de 'glm::vec<3,float,glm::packed_highp>'
  glm.cpp
  Window.cpp
C:\Users\Aula 2\Desktop\Engine\Engine\Engine\src\Export.h(4,1): warning C4005: 'DllApi': redefinición de macro
C:\Users\Aula 2\Desktop\Engine\Engine\Engine\src\Export.h(4,1): message : 'DllApi' declarado previamente en la línea de comandos
C:\Users\Aula 2\Desktop\Engine\Engine\Engine\src\Window\Window.cpp(15,9): warning C4150: eliminación de puntero a tipo 'GLFWwindow' incompleto; no se ha llamado a un destructor
C:\Users\Aula 2\Desktop\Engine\Engine\Dependecies\GLFW\include\GLFW\glfw3.h(1185,16): message : vea la declaración de 'GLFWwindow'
  Generando código...
C:\Users\Aula 2\Desktop\Engine\Engine\Engine\src\Window\Window.cpp(22): warning C4715: 'Window::InitLibrary': no todas las rutas de acceso de control devuelven un valor
C:\Users\Aula 2\Desktop\Engine\Engine\Engine\src\Renderer\Render.cpp(45): warning C4715: 'Render::InitGLEW': no todas las rutas de acceso de control devuelven un valor
     Creando biblioteca C:\Users\Aula 2\Desktop\Engine\Engine\Engine\Build\BinWin32Debug\Engine.lib y objeto C:\Users\Aula 2\Desktop\Engine\Engine\Engine\Build\BinWin32Debug\Engine.exp
LINK : warning LNK4098: la biblioteca predeterminada'MSVCRT' entra en conflicto con otras bibliotecas; use la biblioteca /NODEFAULTLIB:biblioteca
LINK : warning LNK4098: la biblioteca predeterminada'LIBCMT' entra en conflicto con otras bibliotecas; use la biblioteca /NODEFAULTLIB:biblioteca
glew32s.lib(glew.obj) : warning LNK4099: no se encontró PDB '' con 'glew32s.lib(glew.obj)' o en ''; se vinculará el objeto sin tener en cuenta información de depuración
  Engine.vcxproj -> C:\Users\Aula 2\Desktop\Engine\Engine\Engine\Build\BinWin32Debug\Engine.dll
  C:\Users\Aula 2\Desktop\Engine\Engine\Engine\Build\BinWin32Debug\Engine.dll
  1 archivo(s) copiado(s)
