C:\Program Files\Microsoft Visual Studio\2022\Community\MSBuild\Microsoft\VC\v170\Microsoft.CppBuild.targets(517,5): warning MSB8028: The intermediate directory (C:\Users\Nico\Desktop\nicormEngine\Engine\obj\Debug\) contains files shared from another project (BT_GraphicEngine_dll.vcxproj, Engine.vcxproj, Game.vcxproj).  This can lead to incorrect clean and rebuild behavior.
  Game.cpp
C:\Users\Nico\Desktop\nicormEngine\Engine\BT_GraphicEngine_dll\src\Renderer\Renderer.h(19,12): warning C4251: 'Renderer::view': struct 'glm::mat<4,4,float,glm::packed_highp>' needs to have dll-interface to be used by clients of class 'Renderer'
C:\Users\Nico\Desktop\nicormEngine\Engine\lib\GLM\glm\ext\matrix_float4x4.hpp(15,10): message : see declaration of 'glm::mat<4,4,float,glm::packed_highp>'
C:\Users\Nico\Desktop\nicormEngine\Engine\BT_GraphicEngine_dll\src\Renderer\Renderer.h(20,12): warning C4251: 'Renderer::projection': struct 'glm::mat<4,4,float,glm::packed_highp>' needs to have dll-interface to be used by clients of class 'Renderer'
C:\Users\Nico\Desktop\nicormEngine\Engine\lib\GLM\glm\ext\matrix_float4x4.hpp(15,10): message : see declaration of 'glm::mat<4,4,float,glm::packed_highp>'
C:\Users\Nico\Desktop\nicormEngine\Engine\BT_GraphicEngine_dll\src\Plane\Plane.h(11,12): warning C4251: 'Plane::normal': struct 'glm::vec<3,float,glm::packed_highp>' needs to have dll-interface to be used by clients of class 'Plane'
C:\Users\Nico\Desktop\nicormEngine\Engine\lib\GLM\glm\ext\vector_float3.hpp(15,10): message : see declaration of 'glm::vec<3,float,glm::packed_highp>'
C:\Users\Nico\Desktop\nicormEngine\Engine\BT_GraphicEngine_dll\src\Line\Line.h(21,17): warning C4251: 'Line::vertexs': class 'std::vector<Vertex,std::allocator<Vertex>>' needs to have dll-interface to be used by clients of class 'Line'
C:\Users\Nico\Desktop\nicormEngine\Engine\BT_GraphicEngine_dll\src\Line\Line.h(21,2): message : see declaration of 'std::vector<Vertex,std::allocator<Vertex>>'
C:\Users\Nico\Desktop\nicormEngine\Engine\BT_GraphicEngine_dll\src\Volume\VolumeAABB.h(27,12): warning C4251: 'VolumeAABB::center': struct 'glm::vec<3,float,glm::packed_highp>' needs to have dll-interface to be used by clients of class 'VolumeAABB'
C:\Users\Nico\Desktop\nicormEngine\Engine\lib\GLM\glm\ext\vector_float3.hpp(15,10): message : see declaration of 'glm::vec<3,float,glm::packed_highp>'
C:\Users\Nico\Desktop\nicormEngine\Engine\BT_GraphicEngine_dll\src\Volume\VolumeAABB.h(28,12): warning C4251: 'VolumeAABB::extents': struct 'glm::vec<3,float,glm::packed_highp>' needs to have dll-interface to be used by clients of class 'VolumeAABB'
C:\Users\Nico\Desktop\nicormEngine\Engine\lib\GLM\glm\ext\vector_float3.hpp(15,10): message : see declaration of 'glm::vec<3,float,glm::packed_highp>'
C:\Users\Nico\Desktop\nicormEngine\Engine\BT_GraphicEngine_dll\src\Entity\Entity.h(28,16): warning C4251: 'Entity::nodes': class 'std::list<Entity *,std::allocator<Entity *>>' needs to have dll-interface to be used by clients of class 'Entity'
C:\Users\Nico\Desktop\nicormEngine\Engine\BT_GraphicEngine_dll\src\Entity\Entity.h(28,2): message : see declaration of 'std::list<Entity *,std::allocator<Entity *>>'
C:\Users\Nico\Desktop\nicormEngine\Engine\BT_GraphicEngine_dll\src\Entity\Entity.h(143,9): warning C4251: 'Entity::name': class 'std::basic_string<char,std::char_traits<char>,std::allocator<char>>' needs to have dll-interface to be used by clients of class 'Entity'
C:\Program Files\Microsoft Visual Studio\2022\Community\VC\Tools\MSVC\14.35.32215\include\xstring(5300,29): message : see declaration of 'std::basic_string<char,std::char_traits<char>,std::allocator<char>>'
C:\Users\Nico\Desktop\nicormEngine\Engine\BT_GraphicEngine_dll\src\Camera\Camera.h(20,12): warning C4251: 'Camera::view': struct 'glm::mat<4,4,float,glm::packed_highp>' needs to have dll-interface to be used by clients of class 'Camera'
C:\Users\Nico\Desktop\nicormEngine\Engine\lib\GLM\glm\ext\matrix_float4x4.hpp(15,10): message : see declaration of 'glm::mat<4,4,float,glm::packed_highp>'
C:\Users\Nico\Desktop\nicormEngine\Engine\BT_GraphicEngine_dll\src\Camera\Camera.h(21,12): warning C4251: 'Camera::projection': struct 'glm::mat<4,4,float,glm::packed_highp>' needs to have dll-interface to be used by clients of class 'Camera'
C:\Users\Nico\Desktop\nicormEngine\Engine\lib\GLM\glm\ext\matrix_float4x4.hpp(15,10): message : see declaration of 'glm::mat<4,4,float,glm::packed_highp>'
C:\Users\Nico\Desktop\nicormEngine\Engine\BT_GraphicEngine_dll\src\Input\Input.h(19,19): warning C4251: 'Input::keysDown': class 'std::list<int,std::allocator<int>>' needs to have dll-interface to be used by clients of class 'Input'
C:\Users\Nico\Desktop\nicormEngine\Engine\BT_GraphicEngine_dll\src\Input\Input.h(19,9): message : see declaration of 'std::list<int,std::allocator<int>>'
C:\Users\Nico\Desktop\nicormEngine\Engine\BT_GraphicEngine_dll\src\Input\Input.h(20,19): warning C4251: 'Input::lastPosition': struct 'glm::vec<2,float,glm::packed_highp>' needs to have dll-interface to be used by clients of class 'Input'
C:\Users\Nico\Desktop\nicormEngine\Engine\lib\GLM\glm\ext\vector_float2.hpp(15,10): message : see declaration of 'glm::vec<2,float,glm::packed_highp>'
C:\Users\Nico\Desktop\nicormEngine\Engine\BT_GraphicEngine_dll\src\Entity2D\Entity2d.h(22,17): warning C4251: 'Entity2D::vertexs': class 'std::vector<Vertex,std::allocator<Vertex>>' needs to have dll-interface to be used by clients of class 'Entity2D'
C:\Users\Nico\Desktop\nicormEngine\Engine\BT_GraphicEngine_dll\src\Line\Line.h(21,2): message : see declaration of 'std::vector<Vertex,std::allocator<Vertex>>'
C:\Users\Nico\Desktop\nicormEngine\Engine\BT_GraphicEngine_dll\src\Entity2D\Entity2d.h(23,23): warning C4251: 'Entity2D::indexes': class 'std::vector<unsigned int,std::allocator<unsigned int>>' needs to have dll-interface to be used by clients of class 'Entity2D'
C:\Users\Nico\Desktop\nicormEngine\Engine\BT_GraphicEngine_dll\src\Entity2D\Entity2d.h(23,2): message : see declaration of 'std::vector<unsigned int,std::allocator<unsigned int>>'
C:\Users\Nico\Desktop\nicormEngine\Engine\BT_GraphicEngine_dll\src\Entity2D\Entity2d.h(54,12): warning C4251: 'Entity2D::minAABB': struct 'glm::vec<3,float,glm::packed_highp>' needs to have dll-interface to be used by clients of class 'Entity2D'
C:\Users\Nico\Desktop\nicormEngine\Engine\lib\GLM\glm\ext\vector_float3.hpp(15,10): message : see declaration of 'glm::vec<3,float,glm::packed_highp>'
C:\Users\Nico\Desktop\nicormEngine\Engine\BT_GraphicEngine_dll\src\Entity2D\Entity2d.h(55,12): warning C4251: 'Entity2D::maxAABB': struct 'glm::vec<3,float,glm::packed_highp>' needs to have dll-interface to be used by clients of class 'Entity2D'
C:\Users\Nico\Desktop\nicormEngine\Engine\lib\GLM\glm\ext\vector_float3.hpp(15,10): message : see declaration of 'glm::vec<3,float,glm::packed_highp>'
C:\Users\Nico\Desktop\nicormEngine\Engine\BT_GraphicEngine_dll\src\Material\SolidMaterial.h(12,12): warning C4251: 'SolidMaterial::ambient': struct 'glm::vec<3,float,glm::packed_highp>' needs to have dll-interface to be used by clients of class 'SolidMaterial'
C:\Users\Nico\Desktop\nicormEngine\Engine\lib\GLM\glm\ext\vector_float3.hpp(15,10): message : see declaration of 'glm::vec<3,float,glm::packed_highp>'
C:\Users\Nico\Desktop\nicormEngine\Engine\BT_GraphicEngine_dll\src\Material\SolidMaterial.h(13,12): warning C4251: 'SolidMaterial::diffuse': struct 'glm::vec<3,float,glm::packed_highp>' needs to have dll-interface to be used by clients of class 'SolidMaterial'
C:\Users\Nico\Desktop\nicormEngine\Engine\lib\GLM\glm\ext\vector_float3.hpp(15,10): message : see declaration of 'glm::vec<3,float,glm::packed_highp>'
C:\Users\Nico\Desktop\nicormEngine\Engine\BT_GraphicEngine_dll\src\Material\SolidMaterial.h(14,12): warning C4251: 'SolidMaterial::specular': struct 'glm::vec<3,float,glm::packed_highp>' needs to have dll-interface to be used by clients of class 'SolidMaterial'
C:\Users\Nico\Desktop\nicormEngine\Engine\lib\GLM\glm\ext\vector_float3.hpp(15,10): message : see declaration of 'glm::vec<3,float,glm::packed_highp>'
C:\Users\Nico\Desktop\nicormEngine\Engine\BT_GraphicEngine_dll\src\BSP\BSP.h(20,23): warning C4251: 'BSP::entities': class 'std::list<Entity *,std::allocator<Entity *>>' needs to have dll-interface to be used by clients of class 'BSP'
C:\Users\Nico\Desktop\nicormEngine\Engine\BT_GraphicEngine_dll\src\Entity\Entity.h(28,2): message : see declaration of 'std::list<Entity *,std::allocator<Entity *>>'
C:\Users\Nico\Desktop\nicormEngine\Engine\BT_GraphicEngine_dll\src\BSP\BSP.h(21,25): warning C4251: 'BSP::planes': class 'std::list<PlaneBSP *,std::allocator<PlaneBSP *>>' needs to have dll-interface to be used by clients of class 'BSP'
C:\Users\Nico\Desktop\nicormEngine\Engine\BT_GraphicEngine_dll\src\BSP\BSP.h(21,9): message : see declaration of 'std::list<PlaneBSP *,std::allocator<PlaneBSP *>>'
C:\Users\Nico\Desktop\nicormEngine\Engine\BT_GraphicEngine_dll\src\Mesh\Mesh.h(22,17): warning C4251: 'Mesh::vertexs': class 'std::vector<Vertex,std::allocator<Vertex>>' needs to have dll-interface to be used by clients of class 'Mesh'
C:\Users\Nico\Desktop\nicormEngine\Engine\BT_GraphicEngine_dll\src\Line\Line.h(21,2): message : see declaration of 'std::vector<Vertex,std::allocator<Vertex>>'
C:\Users\Nico\Desktop\nicormEngine\Engine\BT_GraphicEngine_dll\src\Mesh\Mesh.h(23,23): warning C4251: 'Mesh::indexes': class 'std::vector<unsigned int,std::allocator<unsigned int>>' needs to have dll-interface to be used by clients of class 'Mesh'
C:\Users\Nico\Desktop\nicormEngine\Engine\BT_GraphicEngine_dll\src\Entity2D\Entity2d.h(23,2): message : see declaration of 'std::vector<unsigned int,std::allocator<unsigned int>>'
C:\Users\Nico\Desktop\nicormEngine\Engine\BT_GraphicEngine_dll\src\Mesh\Mesh.h(24,18): warning C4251: 'Mesh::textures': class 'std::vector<Texture,std::allocator<Texture>>' needs to have dll-interface to be used by clients of class 'Mesh'
C:\Users\Nico\Desktop\nicormEngine\Engine\BT_GraphicEngine_dll\src\Mesh\Mesh.h(24,2): message : see declaration of 'std::vector<Texture,std::allocator<Texture>>'
C:\Users\Nico\Desktop\nicormEngine\Engine\BT_GraphicEngine_dll\src\Entity3D\Entity3D.h(16,16): warning C4251: 'Entity3D::meshes': class 'std::vector<Mesh *,std::allocator<Mesh *>>' needs to have dll-interface to be used by clients of class 'Entity3D'
C:\Users\Nico\Desktop\nicormEngine\Engine\BT_GraphicEngine_dll\src\Entity3D\Entity3D.h(16,2): message : see declaration of 'std::vector<Mesh *,std::allocator<Mesh *>>'
C:\Users\Nico\Desktop\nicormEngine\Engine\BT_GraphicEngine_dll\src\Entity3D\Entity3D.h(36,12): warning C4251: 'Entity3D::minAABB': struct 'glm::vec<3,float,glm::packed_highp>' needs to have dll-interface to be used by clients of class 'Entity3D'
C:\Users\Nico\Desktop\nicormEngine\Engine\lib\GLM\glm\ext\vector_float3.hpp(15,10): message : see declaration of 'glm::vec<3,float,glm::packed_highp>'
C:\Users\Nico\Desktop\nicormEngine\Engine\BT_GraphicEngine_dll\src\Entity3D\Entity3D.h(37,12): warning C4251: 'Entity3D::maxAABB': struct 'glm::vec<3,float,glm::packed_highp>' needs to have dll-interface to be used by clients of class 'Entity3D'
C:\Users\Nico\Desktop\nicormEngine\Engine\lib\GLM\glm\ext\vector_float3.hpp(15,10): message : see declaration of 'glm::vec<3,float,glm::packed_highp>'
C:\Users\Nico\Desktop\nicormEngine\Engine\BT_GraphicEngine_dll\src\Light\light.h(15,12): warning C4251: 'Light::ambient': struct 'glm::vec<3,float,glm::packed_highp>' needs to have dll-interface to be used by clients of class 'Light'
C:\Users\Nico\Desktop\nicormEngine\Engine\lib\GLM\glm\ext\vector_float3.hpp(15,10): message : see declaration of 'glm::vec<3,float,glm::packed_highp>'
C:\Users\Nico\Desktop\nicormEngine\Engine\BT_GraphicEngine_dll\src\Light\light.h(16,12): warning C4251: 'Light::diffuse': struct 'glm::vec<3,float,glm::packed_highp>' needs to have dll-interface to be used by clients of class 'Light'
C:\Users\Nico\Desktop\nicormEngine\Engine\lib\GLM\glm\ext\vector_float3.hpp(15,10): message : see declaration of 'glm::vec<3,float,glm::packed_highp>'
C:\Users\Nico\Desktop\nicormEngine\Engine\BT_GraphicEngine_dll\src\Light\light.h(17,12): warning C4251: 'Light::specular': struct 'glm::vec<3,float,glm::packed_highp>' needs to have dll-interface to be used by clients of class 'Light'
C:\Users\Nico\Desktop\nicormEngine\Engine\lib\GLM\glm\ext\vector_float3.hpp(15,10): message : see declaration of 'glm::vec<3,float,glm::packed_highp>'
C:\Users\Nico\Desktop\nicormEngine\Engine\BT_GraphicEngine_dll\src\Light\directionalLight.h(13,12): warning C4251: 'DirectionalLight::direction': struct 'glm::vec<3,float,glm::packed_highp>' needs to have dll-interface to be used by clients of class 'DirectionalLight'
C:\Users\Nico\Desktop\nicormEngine\Engine\lib\GLM\glm\ext\vector_float3.hpp(15,10): message : see declaration of 'glm::vec<3,float,glm::packed_highp>'
C:\Users\Nico\Desktop\nicormEngine\Engine\BT_GraphicEngine_dll\src\Light\spotLight.h(13,12): warning C4251: 'SpotLight::direction': struct 'glm::vec<3,float,glm::packed_highp>' needs to have dll-interface to be used by clients of class 'SpotLight'
C:\Users\Nico\Desktop\nicormEngine\Engine\lib\GLM\glm\ext\vector_float3.hpp(15,10): message : see declaration of 'glm::vec<3,float,glm::packed_highp>'
C:\Users\Nico\Desktop\nicormEngine\Engine\BT_GraphicEngine_dll\src\ModelImporter\ModelImporter.h(21,16): warning C4251: 'ModelImporter::directory': class 'std::basic_string<char,std::char_traits<char>,std::allocator<char>>' needs to have dll-interface to be used by clients of class 'ModelImporter'
C:\Program Files\Microsoft Visual Studio\2022\Community\VC\Tools\MSVC\14.35.32215\include\xstring(5300,29): message : see declaration of 'std::basic_string<char,std::char_traits<char>,std::allocator<char>>'
C:\Users\Nico\Desktop\nicormEngine\Engine\BT_GraphicEngine_dll\src\ModelImporter\ModelImporter.h(22,25): warning C4251: 'ModelImporter::textures_loaded': class 'std::vector<Texture,std::allocator<Texture>>' needs to have dll-interface to be used by clients of class 'ModelImporter'
C:\Users\Nico\Desktop\nicormEngine\Engine\BT_GraphicEngine_dll\src\Mesh\Mesh.h(24,2): message : see declaration of 'std::vector<Texture,std::allocator<Texture>>'
C:\Users\Nico\Desktop\nicormEngine\Engine\BT_GraphicEngine_dll\src\Animation\Animation.h(38,16): warning C4251: 'Animation::frames': class 'std::vector<Frame,std::allocator<Frame>>' needs to have dll-interface to be used by clients of class 'Animation'
C:\Users\Nico\Desktop\nicormEngine\Engine\BT_GraphicEngine_dll\src\Animation\Animation.h(38,2): message : see declaration of 'std::vector<Frame,std::allocator<Frame>>'
C:\Users\Nico\Desktop\nicormEngine\Engine\BT_GraphicEngine_dll\src\Sprite\Sprite.h(30,21): warning C4251: 'Sprite::animation': class 'std::vector<Animation *,std::allocator<Animation *>>' needs to have dll-interface to be used by clients of class 'Sprite'
C:\Users\Nico\Desktop\nicormEngine\Engine\BT_GraphicEngine_dll\src\Sprite\Sprite.h(30,2): message : see declaration of 'std::vector<Animation *,std::allocator<Animation *>>'
  Main.cpp
C:\Users\Nico\Desktop\nicormEngine\Engine\BT_GraphicEngine_dll\src\Renderer\Renderer.h(19,12): warning C4251: 'Renderer::view': struct 'glm::mat<4,4,float,glm::packed_highp>' needs to have dll-interface to be used by clients of class 'Renderer'
C:\Users\Nico\Desktop\nicormEngine\Engine\lib\GLM\glm\ext\matrix_float4x4.hpp(15,10): message : see declaration of 'glm::mat<4,4,float,glm::packed_highp>'
C:\Users\Nico\Desktop\nicormEngine\Engine\BT_GraphicEngine_dll\src\Renderer\Renderer.h(20,12): warning C4251: 'Renderer::projection': struct 'glm::mat<4,4,float,glm::packed_highp>' needs to have dll-interface to be used by clients of class 'Renderer'
C:\Users\Nico\Desktop\nicormEngine\Engine\lib\GLM\glm\ext\matrix_float4x4.hpp(15,10): message : see declaration of 'glm::mat<4,4,float,glm::packed_highp>'
C:\Users\Nico\Desktop\nicormEngine\Engine\BT_GraphicEngine_dll\src\Plane\Plane.h(11,12): warning C4251: 'Plane::normal': struct 'glm::vec<3,float,glm::packed_highp>' needs to have dll-interface to be used by clients of class 'Plane'
C:\Users\Nico\Desktop\nicormEngine\Engine\lib\GLM\glm\ext\vector_float3.hpp(15,10): message : see declaration of 'glm::vec<3,float,glm::packed_highp>'
C:\Users\Nico\Desktop\nicormEngine\Engine\BT_GraphicEngine_dll\src\Line\Line.h(21,17): warning C4251: 'Line::vertexs': class 'std::vector<Vertex,std::allocator<Vertex>>' needs to have dll-interface to be used by clients of class 'Line'
C:\Users\Nico\Desktop\nicormEngine\Engine\BT_GraphicEngine_dll\src\Line\Line.h(21,2): message : see declaration of 'std::vector<Vertex,std::allocator<Vertex>>'
C:\Users\Nico\Desktop\nicormEngine\Engine\BT_GraphicEngine_dll\src\Volume\VolumeAABB.h(27,12): warning C4251: 'VolumeAABB::center': struct 'glm::vec<3,float,glm::packed_highp>' needs to have dll-interface to be used by clients of class 'VolumeAABB'
C:\Users\Nico\Desktop\nicormEngine\Engine\lib\GLM\glm\ext\vector_float3.hpp(15,10): message : see declaration of 'glm::vec<3,float,glm::packed_highp>'
C:\Users\Nico\Desktop\nicormEngine\Engine\BT_GraphicEngine_dll\src\Volume\VolumeAABB.h(28,12): warning C4251: 'VolumeAABB::extents': struct 'glm::vec<3,float,glm::packed_highp>' needs to have dll-interface to be used by clients of class 'VolumeAABB'
C:\Users\Nico\Desktop\nicormEngine\Engine\lib\GLM\glm\ext\vector_float3.hpp(15,10): message : see declaration of 'glm::vec<3,float,glm::packed_highp>'
C:\Users\Nico\Desktop\nicormEngine\Engine\BT_GraphicEngine_dll\src\Entity\Entity.h(28,16): warning C4251: 'Entity::nodes': class 'std::list<Entity *,std::allocator<Entity *>>' needs to have dll-interface to be used by clients of class 'Entity'
C:\Users\Nico\Desktop\nicormEngine\Engine\BT_GraphicEngine_dll\src\Entity\Entity.h(28,2): message : see declaration of 'std::list<Entity *,std::allocator<Entity *>>'
C:\Users\Nico\Desktop\nicormEngine\Engine\BT_GraphicEngine_dll\src\Entity\Entity.h(143,9): warning C4251: 'Entity::name': class 'std::basic_string<char,std::char_traits<char>,std::allocator<char>>' needs to have dll-interface to be used by clients of class 'Entity'
C:\Program Files\Microsoft Visual Studio\2022\Community\VC\Tools\MSVC\14.35.32215\include\xstring(5300,29): message : see declaration of 'std::basic_string<char,std::char_traits<char>,std::allocator<char>>'
C:\Users\Nico\Desktop\nicormEngine\Engine\BT_GraphicEngine_dll\src\Camera\Camera.h(20,12): warning C4251: 'Camera::view': struct 'glm::mat<4,4,float,glm::packed_highp>' needs to have dll-interface to be used by clients of class 'Camera'
C:\Users\Nico\Desktop\nicormEngine\Engine\lib\GLM\glm\ext\matrix_float4x4.hpp(15,10): message : see declaration of 'glm::mat<4,4,float,glm::packed_highp>'
C:\Users\Nico\Desktop\nicormEngine\Engine\BT_GraphicEngine_dll\src\Camera\Camera.h(21,12): warning C4251: 'Camera::projection': struct 'glm::mat<4,4,float,glm::packed_highp>' needs to have dll-interface to be used by clients of class 'Camera'
C:\Users\Nico\Desktop\nicormEngine\Engine\lib\GLM\glm\ext\matrix_float4x4.hpp(15,10): message : see declaration of 'glm::mat<4,4,float,glm::packed_highp>'
C:\Users\Nico\Desktop\nicormEngine\Engine\BT_GraphicEngine_dll\src\Input\Input.h(19,19): warning C4251: 'Input::keysDown': class 'std::list<int,std::allocator<int>>' needs to have dll-interface to be used by clients of class 'Input'
C:\Users\Nico\Desktop\nicormEngine\Engine\BT_GraphicEngine_dll\src\Input\Input.h(19,9): message : see declaration of 'std::list<int,std::allocator<int>>'
C:\Users\Nico\Desktop\nicormEngine\Engine\BT_GraphicEngine_dll\src\Input\Input.h(20,19): warning C4251: 'Input::lastPosition': struct 'glm::vec<2,float,glm::packed_highp>' needs to have dll-interface to be used by clients of class 'Input'
C:\Users\Nico\Desktop\nicormEngine\Engine\lib\GLM\glm\ext\vector_float2.hpp(15,10): message : see declaration of 'glm::vec<2,float,glm::packed_highp>'
C:\Users\Nico\Desktop\nicormEngine\Engine\BT_GraphicEngine_dll\src\Entity2D\Entity2d.h(22,17): warning C4251: 'Entity2D::vertexs': class 'std::vector<Vertex,std::allocator<Vertex>>' needs to have dll-interface to be used by clients of class 'Entity2D'
C:\Users\Nico\Desktop\nicormEngine\Engine\BT_GraphicEngine_dll\src\Line\Line.h(21,2): message : see declaration of 'std::vector<Vertex,std::allocator<Vertex>>'
C:\Users\Nico\Desktop\nicormEngine\Engine\BT_GraphicEngine_dll\src\Entity2D\Entity2d.h(23,23): warning C4251: 'Entity2D::indexes': class 'std::vector<unsigned int,std::allocator<unsigned int>>' needs to have dll-interface to be used by clients of class 'Entity2D'
C:\Users\Nico\Desktop\nicormEngine\Engine\BT_GraphicEngine_dll\src\Entity2D\Entity2d.h(23,2): message : see declaration of 'std::vector<unsigned int,std::allocator<unsigned int>>'
C:\Users\Nico\Desktop\nicormEngine\Engine\BT_GraphicEngine_dll\src\Entity2D\Entity2d.h(54,12): warning C4251: 'Entity2D::minAABB': struct 'glm::vec<3,float,glm::packed_highp>' needs to have dll-interface to be used by clients of class 'Entity2D'
C:\Users\Nico\Desktop\nicormEngine\Engine\lib\GLM\glm\ext\vector_float3.hpp(15,10): message : see declaration of 'glm::vec<3,float,glm::packed_highp>'
C:\Users\Nico\Desktop\nicormEngine\Engine\BT_GraphicEngine_dll\src\Entity2D\Entity2d.h(55,12): warning C4251: 'Entity2D::maxAABB': struct 'glm::vec<3,float,glm::packed_highp>' needs to have dll-interface to be used by clients of class 'Entity2D'
C:\Users\Nico\Desktop\nicormEngine\Engine\lib\GLM\glm\ext\vector_float3.hpp(15,10): message : see declaration of 'glm::vec<3,float,glm::packed_highp>'
C:\Users\Nico\Desktop\nicormEngine\Engine\BT_GraphicEngine_dll\src\Material\SolidMaterial.h(12,12): warning C4251: 'SolidMaterial::ambient': struct 'glm::vec<3,float,glm::packed_highp>' needs to have dll-interface to be used by clients of class 'SolidMaterial'
C:\Users\Nico\Desktop\nicormEngine\Engine\lib\GLM\glm\ext\vector_float3.hpp(15,10): message : see declaration of 'glm::vec<3,float,glm::packed_highp>'
C:\Users\Nico\Desktop\nicormEngine\Engine\BT_GraphicEngine_dll\src\Material\SolidMaterial.h(13,12): warning C4251: 'SolidMaterial::diffuse': struct 'glm::vec<3,float,glm::packed_highp>' needs to have dll-interface to be used by clients of class 'SolidMaterial'
C:\Users\Nico\Desktop\nicormEngine\Engine\lib\GLM\glm\ext\vector_float3.hpp(15,10): message : see declaration of 'glm::vec<3,float,glm::packed_highp>'
C:\Users\Nico\Desktop\nicormEngine\Engine\BT_GraphicEngine_dll\src\Material\SolidMaterial.h(14,12): warning C4251: 'SolidMaterial::specular': struct 'glm::vec<3,float,glm::packed_highp>' needs to have dll-interface to be used by clients of class 'SolidMaterial'
C:\Users\Nico\Desktop\nicormEngine\Engine\lib\GLM\glm\ext\vector_float3.hpp(15,10): message : see declaration of 'glm::vec<3,float,glm::packed_highp>'
C:\Users\Nico\Desktop\nicormEngine\Engine\BT_GraphicEngine_dll\src\BSP\BSP.h(20,23): warning C4251: 'BSP::entities': class 'std::list<Entity *,std::allocator<Entity *>>' needs to have dll-interface to be used by clients of class 'BSP'
C:\Users\Nico\Desktop\nicormEngine\Engine\BT_GraphicEngine_dll\src\Entity\Entity.h(28,2): message : see declaration of 'std::list<Entity *,std::allocator<Entity *>>'
C:\Users\Nico\Desktop\nicormEngine\Engine\BT_GraphicEngine_dll\src\BSP\BSP.h(21,25): warning C4251: 'BSP::planes': class 'std::list<PlaneBSP *,std::allocator<PlaneBSP *>>' needs to have dll-interface to be used by clients of class 'BSP'
C:\Users\Nico\Desktop\nicormEngine\Engine\BT_GraphicEngine_dll\src\BSP\BSP.h(21,9): message : see declaration of 'std::list<PlaneBSP *,std::allocator<PlaneBSP *>>'
C:\Users\Nico\Desktop\nicormEngine\Engine\BT_GraphicEngine_dll\src\Mesh\Mesh.h(22,17): warning C4251: 'Mesh::vertexs': class 'std::vector<Vertex,std::allocator<Vertex>>' needs to have dll-interface to be used by clients of class 'Mesh'
C:\Users\Nico\Desktop\nicormEngine\Engine\BT_GraphicEngine_dll\src\Line\Line.h(21,2): message : see declaration of 'std::vector<Vertex,std::allocator<Vertex>>'
C:\Users\Nico\Desktop\nicormEngine\Engine\BT_GraphicEngine_dll\src\Mesh\Mesh.h(23,23): warning C4251: 'Mesh::indexes': class 'std::vector<unsigned int,std::allocator<unsigned int>>' needs to have dll-interface to be used by clients of class 'Mesh'
C:\Users\Nico\Desktop\nicormEngine\Engine\BT_GraphicEngine_dll\src\Entity2D\Entity2d.h(23,2): message : see declaration of 'std::vector<unsigned int,std::allocator<unsigned int>>'
C:\Users\Nico\Desktop\nicormEngine\Engine\BT_GraphicEngine_dll\src\Mesh\Mesh.h(24,18): warning C4251: 'Mesh::textures': class 'std::vector<Texture,std::allocator<Texture>>' needs to have dll-interface to be used by clients of class 'Mesh'
C:\Users\Nico\Desktop\nicormEngine\Engine\BT_GraphicEngine_dll\src\Mesh\Mesh.h(24,2): message : see declaration of 'std::vector<Texture,std::allocator<Texture>>'
C:\Users\Nico\Desktop\nicormEngine\Engine\BT_GraphicEngine_dll\src\Entity3D\Entity3D.h(16,16): warning C4251: 'Entity3D::meshes': class 'std::vector<Mesh *,std::allocator<Mesh *>>' needs to have dll-interface to be used by clients of class 'Entity3D'
C:\Users\Nico\Desktop\nicormEngine\Engine\BT_GraphicEngine_dll\src\Entity3D\Entity3D.h(16,2): message : see declaration of 'std::vector<Mesh *,std::allocator<Mesh *>>'
C:\Users\Nico\Desktop\nicormEngine\Engine\BT_GraphicEngine_dll\src\Entity3D\Entity3D.h(36,12): warning C4251: 'Entity3D::minAABB': struct 'glm::vec<3,float,glm::packed_highp>' needs to have dll-interface to be used by clients of class 'Entity3D'
C:\Users\Nico\Desktop\nicormEngine\Engine\lib\GLM\glm\ext\vector_float3.hpp(15,10): message : see declaration of 'glm::vec<3,float,glm::packed_highp>'
C:\Users\Nico\Desktop\nicormEngine\Engine\BT_GraphicEngine_dll\src\Entity3D\Entity3D.h(37,12): warning C4251: 'Entity3D::maxAABB': struct 'glm::vec<3,float,glm::packed_highp>' needs to have dll-interface to be used by clients of class 'Entity3D'
C:\Users\Nico\Desktop\nicormEngine\Engine\lib\GLM\glm\ext\vector_float3.hpp(15,10): message : see declaration of 'glm::vec<3,float,glm::packed_highp>'
C:\Users\Nico\Desktop\nicormEngine\Engine\BT_GraphicEngine_dll\src\Light\light.h(15,12): warning C4251: 'Light::ambient': struct 'glm::vec<3,float,glm::packed_highp>' needs to have dll-interface to be used by clients of class 'Light'
C:\Users\Nico\Desktop\nicormEngine\Engine\lib\GLM\glm\ext\vector_float3.hpp(15,10): message : see declaration of 'glm::vec<3,float,glm::packed_highp>'
C:\Users\Nico\Desktop\nicormEngine\Engine\BT_GraphicEngine_dll\src\Light\light.h(16,12): warning C4251: 'Light::diffuse': struct 'glm::vec<3,float,glm::packed_highp>' needs to have dll-interface to be used by clients of class 'Light'
C:\Users\Nico\Desktop\nicormEngine\Engine\lib\GLM\glm\ext\vector_float3.hpp(15,10): message : see declaration of 'glm::vec<3,float,glm::packed_highp>'
C:\Users\Nico\Desktop\nicormEngine\Engine\BT_GraphicEngine_dll\src\Light\light.h(17,12): warning C4251: 'Light::specular': struct 'glm::vec<3,float,glm::packed_highp>' needs to have dll-interface to be used by clients of class 'Light'
C:\Users\Nico\Desktop\nicormEngine\Engine\lib\GLM\glm\ext\vector_float3.hpp(15,10): message : see declaration of 'glm::vec<3,float,glm::packed_highp>'
C:\Users\Nico\Desktop\nicormEngine\Engine\BT_GraphicEngine_dll\src\Light\directionalLight.h(13,12): warning C4251: 'DirectionalLight::direction': struct 'glm::vec<3,float,glm::packed_highp>' needs to have dll-interface to be used by clients of class 'DirectionalLight'
C:\Users\Nico\Desktop\nicormEngine\Engine\lib\GLM\glm\ext\vector_float3.hpp(15,10): message : see declaration of 'glm::vec<3,float,glm::packed_highp>'
C:\Users\Nico\Desktop\nicormEngine\Engine\BT_GraphicEngine_dll\src\Light\spotLight.h(13,12): warning C4251: 'SpotLight::direction': struct 'glm::vec<3,float,glm::packed_highp>' needs to have dll-interface to be used by clients of class 'SpotLight'
C:\Users\Nico\Desktop\nicormEngine\Engine\lib\GLM\glm\ext\vector_float3.hpp(15,10): message : see declaration of 'glm::vec<3,float,glm::packed_highp>'
C:\Users\Nico\Desktop\nicormEngine\Engine\BT_GraphicEngine_dll\src\ModelImporter\ModelImporter.h(21,16): warning C4251: 'ModelImporter::directory': class 'std::basic_string<char,std::char_traits<char>,std::allocator<char>>' needs to have dll-interface to be used by clients of class 'ModelImporter'
C:\Program Files\Microsoft Visual Studio\2022\Community\VC\Tools\MSVC\14.35.32215\include\xstring(5300,29): message : see declaration of 'std::basic_string<char,std::char_traits<char>,std::allocator<char>>'
C:\Users\Nico\Desktop\nicormEngine\Engine\BT_GraphicEngine_dll\src\ModelImporter\ModelImporter.h(22,25): warning C4251: 'ModelImporter::textures_loaded': class 'std::vector<Texture,std::allocator<Texture>>' needs to have dll-interface to be used by clients of class 'ModelImporter'
C:\Users\Nico\Desktop\nicormEngine\Engine\BT_GraphicEngine_dll\src\Mesh\Mesh.h(24,2): message : see declaration of 'std::vector<Texture,std::allocator<Texture>>'
C:\Users\Nico\Desktop\nicormEngine\Engine\BT_GraphicEngine_dll\src\Animation\Animation.h(38,16): warning C4251: 'Animation::frames': class 'std::vector<Frame,std::allocator<Frame>>' needs to have dll-interface to be used by clients of class 'Animation'
C:\Users\Nico\Desktop\nicormEngine\Engine\BT_GraphicEngine_dll\src\Animation\Animation.h(38,2): message : see declaration of 'std::vector<Frame,std::allocator<Frame>>'
C:\Users\Nico\Desktop\nicormEngine\Engine\BT_GraphicEngine_dll\src\Sprite\Sprite.h(30,21): warning C4251: 'Sprite::animation': class 'std::vector<Animation *,std::allocator<Animation *>>' needs to have dll-interface to be used by clients of class 'Sprite'
C:\Users\Nico\Desktop\nicormEngine\Engine\BT_GraphicEngine_dll\src\Sprite\Sprite.h(30,2): message : see declaration of 'std::vector<Animation *,std::allocator<Animation *>>'
C:\Users\Nico\Desktop\nicormEngine\Engine\BT_Game\src\Main.cpp(4,1): warning C4326: return type of 'main' should be 'int' instead of 'void'
  Generating Code...
     Creating library C:\Users\Nico\Desktop\nicormEngine\Engine\bin\Debug\BT_Game.lib and object C:\Users\Nico\Desktop\nicormEngine\Engine\bin\Debug\BT_Game.exp
  BT_Game.vcxproj -> C:\Users\Nico\Desktop\nicormEngine\Engine\bin\Debug\BT_Game.exe
